<?xml version="1.0" encoding="UTF-8"?>
<testng-results ignored="0" total="1" passed="1" failed="0" skipped="0">
  <reporter-output>
  </reporter-output>
  <suite started-at="2022-07-21T11:31:25 IST" name="Default suite" finished-at="2022-07-21T11:34:28 IST" duration-ms="182450">
    <groups>
    </groups>
    <test started-at="2022-07-21T11:31:25 IST" name="Default test" finished-at="2022-07-21T11:34:28 IST" duration-ms="182450">
      <class name="maventest.logintest">
        <test-method is-config="true" signature="setup()[pri:0, instance:maventest.logintest@1b7cc17c]" started-at="2022-07-21T11:31:25 IST" name="setup" finished-at="2022-07-21T11:31:27 IST" duration-ms="1731" status="PASS">
          <reporter-output>
          </reporter-output>
        </test-method> <!-- setup -->
        <test-method signature="login()[pri:0, instance:maventest.logintest@1b7cc17c]" started-at="2022-07-21T11:31:27 IST" name="login" finished-at="2022-07-21T11:34:27 IST" duration-ms="180467" status="PASS">
          <reporter-output>
          </reporter-output>
        </test-method> <!-- login -->
        <test-method is-config="true" signature="teardown()[pri:0, instance:maventest.logintest@1b7cc17c]" started-at="2022-07-21T11:34:27 IST" name="teardown" finished-at="2022-07-21T11:34:28 IST" duration-ms="205" status="PASS">
          <reporter-output>
          </reporter-output>
        </test-method> <!-- teardown -->
      </class> <!-- maventest.logintest -->
    </test> <!-- Default test -->
  </suite> <!-- Default suite -->
</testng-results>
